Using pre-set license
Built from '2020.3/release' branch; Version is '2020.3.12f1 (b3b2c6512326) revision 11776710'; Using compiler version '192528614'; Build Type 'Release'
OS: 'Windows 10 Pro; OS build 19042.1110; Version 2009; 64bit' Language: 'en' Physical Memory: 32705 MB
BatchMode: 1, IsHumanControllingUs: 0, StartBugReporterOnCrash: 0, Is64bit: 1, IsPro: 0

 COMMAND LINE ARGUMENTS:
C:\Program Files\Unity\Hub\Editor\2020.3.12f1\Editor\Unity.exe
-adb2
-batchMode
-noUpm
-name
AssetImportWorker0
-projectPath
D:/My Documents/Online Learning/Game Development Course/An Interactive Card Combat Game/Merlin's Demon War Complete/Merlin's Demon War
-logFile
Logs/AssetImportWorker0.log
-srvPort
1591
Successfully changed project path to: D:/My Documents/Online Learning/Game Development Course/An Interactive Card Combat Game/Merlin's Demon War Complete/Merlin's Demon War
D:/My Documents/Online Learning/Game Development Course/An Interactive Card Combat Game/Merlin's Demon War Complete/Merlin's Demon War
Using Asset Import Pipeline V2.
Refreshing native plugins compatible for Editor in 36.17 ms, found 2 plugins.
Preloading 0 native plugins for Editor in 0.00 ms.
Initialize engine version: 2020.3.12f1 (b3b2c6512326)
[Subsystems] Discovering subsystems at path C:/Program Files/Unity/Hub/Editor/2020.3.12f1/Editor/Data/Resources/UnitySubsystems
[Subsystems] Discovering subsystems at path D:/My Documents/Online Learning/Game Development Course/An Interactive Card Combat Game/Merlin's Demon War Complete/Merlin's Demon War/Assets
GfxDevice: creating device client; threaded=0
Direct3D:
    Version:  Direct3D 11.0 [level 11.1]
    Renderer: NVIDIA GeForce RTX 2080 SUPER (ID=0x1e81)
    Vendor:   
    VRAM:     8010 MB
    Driver:   30.0.14.7141
Initialize mono
Mono path[0] = 'C:/Program Files/Unity/Hub/Editor/2020.3.12f1/Editor/Data/Managed'
Mono path[1] = 'C:/Program Files/Unity/Hub/Editor/2020.3.12f1/Editor/Data/MonoBleedingEdge/lib/mono/unityjit'
Mono config path = 'C:/Program Files/Unity/Hub/Editor/2020.3.12f1/Editor/Data/MonoBleedingEdge/etc'
Using monoOptions --debugger-agent=transport=dt_socket,embedding=1,server=y,suspend=n,address=127.0.0.1:56596
Begin MonoManager ReloadAssembly
Registering precompiled unity dll's ...
Register platform support module: C:/Program Files/Unity/Hub/Editor/2020.3.12f1/Editor/Data/PlaybackEngines/WebGLSupport/UnityEditor.WebGL.Extensions.dll
Register platform support module: C:/Program Files/Unity/Hub/Editor/2020.3.12f1/Editor/Data/PlaybackEngines/WindowsStandaloneSupport/UnityEditor.WindowsStandalone.Extensions.dll
Registered in 0.002193 seconds.
Native extension for WindowsStandalone target not found
Native extension for WebGL target not found
Refreshing native plugins compatible for Editor in 30.95 ms, found 2 plugins.
Preloading 0 native plugins for Editor in 0.00 ms.
Mono: successfully reloaded assembly
- Completed reload, in  0.911 seconds
Platform modules already initialized, skipping
Registering precompiled user dll's ...
Registered in 0.003283 seconds.
Begin MonoManager ReloadAssembly
Native extension for WindowsStandalone target not found
Native extension for WebGL target not found
Refreshing native plugins compatible for Editor in 0.60 ms, found 2 plugins.
Preloading 0 native plugins for Editor in 0.00 ms.
Mono: successfully reloaded assembly
- Completed reload, in  0.877 seconds
Platform modules already initialized, skipping
========================================================================
Worker process is ready to serve import requests
Launched and connected shader compiler UnityShaderCompiler.exe after 0.05 seconds
Refreshing native plugins compatible for Editor in 0.52 ms, found 2 plugins.
Preloading 0 native plugins for Editor in 0.00 ms.
Unloading 1951 Unused Serialized files (Serialized files now loaded: 0)
System memory in use before: 81.2 MB.
System memory in use after: 81.3 MB.

Unloading 58 unused Assets to reduce memory usage. Loaded Objects now: 2355.
Total: 3.979600 ms (FindLiveObjects: 0.155000 ms CreateObjectMapping: 0.064700 ms MarkObjects: 3.706900 ms  DeleteObjects: 0.051800 ms)

AssetImportParameters requested are different than current active one (requested -> active):
  custom:framework-win-MediaFoundation: 216162199b28c13a410421893ffa2e32 -> 
  custom:video-decoder-ogg-theora: a1e56fd34408186e4bbccfd4996cb3dc -> 
  custom:container-muxer-webm: aa71ff27fc2769a1b78a27578f13a17b -> 
  custom:container-demuxer-webm: 4f35f7cbe854078d1ac9338744f61a02 -> 
  custom:container-demuxer-ogg: 62fdf1f143b41e24485cea50d1cbac27 -> 
  custom:video-encoder-webm-vp8: eb34c28f22e8b96e1ab97ce403110664 -> 
  custom:video-decoder-webm-vp8: 9c59270c3fd7afecdb556c50c9e8de78 -> 
  custom:audio-decoder-ogg-vorbis: bf7c407c2cedff20999df2af8eb42d56 -> 
  custom:audio-encoder-webm-vorbis: bf7c407c2cedff20999df2af8eb42d56 -> 
========================================================================
Received Import Request.
  path: Assets/Animation/CardIdle.anim
  artifactKey: Guid(00a531a6bc40f394398ca061f81ac437) Importer(815301076,1909f56bfc062723c751e8b465ee728b)
Start importing Assets/Animation/CardIdle.anim using Guid(00a531a6bc40f394398ca061f81ac437) Importer(815301076,1909f56bfc062723c751e8b465ee728b)  -> (artifact id: '9ff4c8206ac73a17cb8d28e5cf54a558') in 0.021105 seconds 
  Import took 0.023406 seconds .

========================================================================
Received Import Request.
  Time since last request: 0.000234 seconds.
  path: Assets/Animation/CardGraphics.controller
  artifactKey: Guid(b6a34becb9015c141a76a09eaedbc366) Importer(815301076,1909f56bfc062723c751e8b465ee728b)
Start importing Assets/Animation/CardGraphics.controller using Guid(b6a34becb9015c141a76a09eaedbc366) Importer(815301076,1909f56bfc062723c751e8b465ee728b)  -> (artifact id: 'cbc8353f56590d0cbd3e6bfdf004ae7b') in 0.005409 seconds 
  Import took 0.007798 seconds .

========================================================================
Received Import Request.
  Time since last request: 0.000211 seconds.
  path: Assets/Animation/CardDownIdle.anim
  artifactKey: Guid(a09da3eee2b6b684bad3e7dc2a946dec) Importer(815301076,1909f56bfc062723c751e8b465ee728b)
Start importing Assets/Animation/CardDownIdle.anim using Guid(a09da3eee2b6b684bad3e7dc2a946dec) Importer(815301076,1909f56bfc062723c751e8b465ee728b)  -> (artifact id: '03b2c59bcf8e4b438a5fcbbc5365947f') in 0.001934 seconds 
  Import took 0.004106 seconds .

========================================================================
Received Import Request.
  Time since last request: 0.486753 seconds.
  path: Assets/Animation/CardDeal4.anim
  artifactKey: Guid(a36bd0474e3973043be36e8f0bf86327) Importer(815301076,1909f56bfc062723c751e8b465ee728b)
Start importing Assets/Animation/CardDeal4.anim using Guid(a36bd0474e3973043be36e8f0bf86327) Importer(815301076,1909f56bfc062723c751e8b465ee728b)  -> (artifact id: '7ebb43199e941945b22497d977cec18f') in 0.002118 seconds 
  Import took 0.004519 seconds .

========================================================================
Received Import Request.
  Time since last request: 3.092464 seconds.
  path: Assets/Animation/CardDeal3.anim
  artifactKey: Guid(c37b867ed780ee0418aa085c4a734826) Importer(815301076,1909f56bfc062723c751e8b465ee728b)
Start importing Assets/Animation/CardDeal3.anim using Guid(c37b867ed780ee0418aa085c4a734826) Importer(815301076,1909f56bfc062723c751e8b465ee728b)  -> (artifact id: '14939ac080b35384a3a170789369e3e7') in 0.002048 seconds 
  Import took 0.004884 seconds .

========================================================================
Received Import Request.
  Time since last request: 0.498341 seconds.
  path: Assets/Animation/CardDeal2.anim
  artifactKey: Guid(c93fa4afd62b3dd4db5dc86da62a7d0d) Importer(815301076,1909f56bfc062723c751e8b465ee728b)
Start importing Assets/Animation/CardDeal2.anim using Guid(c93fa4afd62b3dd4db5dc86da62a7d0d) Importer(815301076,1909f56bfc062723c751e8b465ee728b)  -> (artifact id: '4fa71915a086ac8bb6a0215d64ebecf4') in 0.002142 seconds 
  Import took 0.005034 seconds .

========================================================================
Received Import Request.
  Time since last request: 0.001128 seconds.
  path: Assets/Animation/CardDeal2.anim
  artifactKey: Guid(c93fa4afd62b3dd4db5dc86da62a7d0d) Importer(815301076,1909f56bfc062723c751e8b465ee728b)
Start importing Assets/Animation/CardDeal2.anim using Guid(c93fa4afd62b3dd4db5dc86da62a7d0d) Importer(815301076,1909f56bfc062723c751e8b465ee728b)  -> (artifact id: '4fa71915a086ac8bb6a0215d64ebecf4') in 0.002458 seconds 
  Import took 0.005475 seconds .

========================================================================
Received Import Request.
  Time since last request: 0.394690 seconds.
  path: Assets/Animation/CardDeal1.anim
  artifactKey: Guid(255dd74214a2e244b9b21e8ff8595c93) Importer(815301076,1909f56bfc062723c751e8b465ee728b)
Start importing Assets/Animation/CardDeal1.anim using Guid(255dd74214a2e244b9b21e8ff8595c93) Importer(815301076,1909f56bfc062723c751e8b465ee728b)  -> (artifact id: 'cbed69d1b9ac5cd62ee616bc4163218f') in 0.002363 seconds 
  Import took 0.005723 seconds .

========================================================================
Received Import Request.
  Time since last request: 0.002257 seconds.
  path: Assets/Animation/CardDeal1.anim
  artifactKey: Guid(255dd74214a2e244b9b21e8ff8595c93) Importer(815301076,1909f56bfc062723c751e8b465ee728b)
Start importing Assets/Animation/CardDeal1.anim using Guid(255dd74214a2e244b9b21e8ff8595c93) Importer(815301076,1909f56bfc062723c751e8b465ee728b)  -> (artifact id: 'cbed69d1b9ac5cd62ee616bc4163218f') in 0.001957 seconds 
  Import took 0.004412 seconds .

========================================================================
Received Import Request.
  Time since last request: 3.671159 seconds.
  path: Assets/Animation/CardDeal5.anim
  artifactKey: Guid(e29ac8bc9896ba744bc03700a08e3cbf) Importer(815301076,1909f56bfc062723c751e8b465ee728b)
Start importing Assets/Animation/CardDeal5.anim using Guid(e29ac8bc9896ba744bc03700a08e3cbf) Importer(815301076,1909f56bfc062723c751e8b465ee728b)  -> (artifact id: '57af4d17045298972227a6598ada016a') in 0.001969 seconds 
  Import took 0.004422 seconds .

========================================================================
Received Import Request.
  Time since last request: 112.893406 seconds.
  path: Assets/Scripts/Player.cs
  artifactKey: Guid(19d6b5d019bb02142be114df547c3200) Importer(815301076,1909f56bfc062723c751e8b465ee728b)
Start importing Assets/Scripts/Player.cs using Guid(19d6b5d019bb02142be114df547c3200) Importer(815301076,1909f56bfc062723c751e8b465ee728b)  -> (artifact id: '91fdd542f0b624a78ebbde60fda54023') in 0.004647 seconds 
  Import took 0.007741 seconds .

========================================================================
Received Import Request.
  Time since last request: 0.561827 seconds.
  path: Assets/Scripts/Effect.cs
  artifactKey: Guid(adbcdad31779b4943b1e24663051b531) Importer(815301076,1909f56bfc062723c751e8b465ee728b)
Start importing Assets/Scripts/Effect.cs using Guid(adbcdad31779b4943b1e24663051b531) Importer(815301076,1909f56bfc062723c751e8b465ee728b)  -> (artifact id: '750892a656ccb657c9fe05b360fba39f') in 0.001556 seconds 
  Import took 0.003733 seconds .

========================================================================
Received Import Request.
  Time since last request: 0.580877 seconds.
  path: Assets/Scripts/BurnZone.cs
  artifactKey: Guid(49b7d3299d30f2d43a1dd11b3490a7fa) Importer(815301076,1909f56bfc062723c751e8b465ee728b)
Start importing Assets/Scripts/BurnZone.cs using Guid(49b7d3299d30f2d43a1dd11b3490a7fa) Importer(815301076,1909f56bfc062723c751e8b465ee728b)  -> (artifact id: 'ea6b5515d89465c43e92faf9a9510508') in 0.001515 seconds 
  Import took 0.003698 seconds .

========================================================================
Received Import Request.
  Time since last request: 0.613228 seconds.
  path: Assets/Scripts/Card.cs
  artifactKey: Guid(1878d983cb1db82499a53e5f7bf2f1c6) Importer(815301076,1909f56bfc062723c751e8b465ee728b)
Start importing Assets/Scripts/Card.cs using Guid(1878d983cb1db82499a53e5f7bf2f1c6) Importer(815301076,1909f56bfc062723c751e8b465ee728b)  -> (artifact id: 'b53c5b7100b3c7c201325ba1f13ebb49') in 0.013142 seconds 
  Import took 0.015482 seconds .

========================================================================
Received Prepare
Refreshing native plugins compatible for Editor in 7.95 ms, found 2 plugins.
Preloading 0 native plugins for Editor in 0.00 ms.
Unloading 47 Unused Serialized files (Serialized files now loaded: 0)
System memory in use before: 42.7 MB.
System memory in use after: 42.8 MB.

Unloading 47 unused Assets to reduce memory usage. Loaded Objects now: 2355.
Total: 5.116400 ms (FindLiveObjects: 0.161000 ms CreateObjectMapping: 0.062900 ms MarkObjects: 4.867500 ms  DeleteObjects: 0.024000 ms)

AssetImportParameters requested are different than current active one (requested -> active):
  custom:framework-win-MediaFoundation: 216162199b28c13a410421893ffa2e32 -> 
  custom:video-decoder-ogg-theora: a1e56fd34408186e4bbccfd4996cb3dc -> 
  custom:container-muxer-webm: aa71ff27fc2769a1b78a27578f13a17b -> 
  custom:container-demuxer-webm: 4f35f7cbe854078d1ac9338744f61a02 -> 
  custom:container-demuxer-ogg: 62fdf1f143b41e24485cea50d1cbac27 -> 
  custom:video-encoder-webm-vp8: eb34c28f22e8b96e1ab97ce403110664 -> 
  custom:video-decoder-webm-vp8: 9c59270c3fd7afecdb556c50c9e8de78 -> 
  custom:audio-decoder-ogg-vorbis: bf7c407c2cedff20999df2af8eb42d56 -> 
  custom:audio-encoder-webm-vorbis: bf7c407c2cedff20999df2af8eb42d56 -> 
========================================================================
Received Import Request.
  Time since last request: 359.361577 seconds.
  path: Assets/Scripts/CardData.cs
  artifactKey: Guid(f6f4dc6d4aa21534da55ce09d289d1ad) Importer(815301076,1909f56bfc062723c751e8b465ee728b)
Start importing Assets/Scripts/CardData.cs using Guid(f6f4dc6d4aa21534da55ce09d289d1ad) Importer(815301076,1909f56bfc062723c751e8b465ee728b)  -> (artifact id: '0101405dca585ea4175d40cebe3ad8e1') in 0.001750 seconds 
  Import took 0.004470 seconds .

========================================================================
Received Import Request.
  Time since last request: 5.064038 seconds.
  path: Assets/Scripts/Deck.cs
  artifactKey: Guid(cda9995ab51a4984e972c3f558d99a0b) Importer(815301076,1909f56bfc062723c751e8b465ee728b)
Start importing Assets/Scripts/Deck.cs using Guid(cda9995ab51a4984e972c3f558d99a0b) Importer(815301076,1909f56bfc062723c751e8b465ee728b)  -> (artifact id: 'e7097e0af9089fe57420bc0f563b04f7') in 0.001823 seconds 
  Import took 0.004411 seconds .

========================================================================
Received Import Request.
  Time since last request: 0.000315 seconds.
  path: Assets/Scripts/Deck.cs
  artifactKey: Guid(cda9995ab51a4984e972c3f558d99a0b) Importer(815301076,1909f56bfc062723c751e8b465ee728b)
Start importing Assets/Scripts/Deck.cs using Guid(cda9995ab51a4984e972c3f558d99a0b) Importer(815301076,1909f56bfc062723c751e8b465ee728b)  -> (artifact id: 'e7097e0af9089fe57420bc0f563b04f7') in 0.001236 seconds 
  Import took 0.003462 seconds .

========================================================================
Received Import Request.
  Time since last request: 6.721049 seconds.
  path: Assets/Scripts/DragAndDrop.cs
  artifactKey: Guid(03529bb57e3848f46984a8dd6b0e6f24) Importer(815301076,1909f56bfc062723c751e8b465ee728b)
Start importing Assets/Scripts/DragAndDrop.cs using Guid(03529bb57e3848f46984a8dd6b0e6f24) Importer(815301076,1909f56bfc062723c751e8b465ee728b)  -> (artifact id: '81e61af37daad007dc6b5448475a4363') in 0.001793 seconds 
  Import took 0.004087 seconds .

========================================================================
Received Import Request.
  Time since last request: 2.677341 seconds.
  path: Assets/Scripts/GameController.cs
  artifactKey: Guid(b0a0af3dc94095c4f95b02e81bc1f156) Importer(815301076,1909f56bfc062723c751e8b465ee728b)
Start importing Assets/Scripts/GameController.cs using Guid(b0a0af3dc94095c4f95b02e81bc1f156) Importer(815301076,1909f56bfc062723c751e8b465ee728b)  -> (artifact id: '02922c445c5d691667aed226a4f41bd2') in 0.001552 seconds 
  Import took 0.003780 seconds .

========================================================================
Received Import Request.
  Time since last request: 0.001345 seconds.
  path: Assets/Scripts/GameController.cs
  artifactKey: Guid(b0a0af3dc94095c4f95b02e81bc1f156) Importer(815301076,1909f56bfc062723c751e8b465ee728b)
Start importing Assets/Scripts/GameController.cs using Guid(b0a0af3dc94095c4f95b02e81bc1f156) Importer(815301076,1909f56bfc062723c751e8b465ee728b)  -> (artifact id: '02922c445c5d691667aed226a4f41bd2') in 0.001305 seconds 
  Import took 0.003457 seconds .

========================================================================
Received Import Request.
  Time since last request: 0.588918 seconds.
  path: Assets/Scripts/GameOver.cs
  artifactKey: Guid(7ccb312001054304cab0edbe6bacda60) Importer(815301076,1909f56bfc062723c751e8b465ee728b)
Start importing Assets/Scripts/GameOver.cs using Guid(7ccb312001054304cab0edbe6bacda60) Importer(815301076,1909f56bfc062723c751e8b465ee728b)  -> (artifact id: '44aa79bec7fd7972f902381deaa60c0b') in 0.001546 seconds 
  Import took 0.003740 seconds .

========================================================================
Received Import Request.
  Time since last request: 1.247291 seconds.
  path: Assets/Scripts/Hand.cs
  artifactKey: Guid(ac51566870904224aaf48dc7819dcf90) Importer(815301076,1909f56bfc062723c751e8b465ee728b)
Start importing Assets/Scripts/Hand.cs using Guid(ac51566870904224aaf48dc7819dcf90) Importer(815301076,1909f56bfc062723c751e8b465ee728b)  -> (artifact id: '54d31d1b1f9fedd4297d76777616e856') in 0.001482 seconds 
  Import took 0.003689 seconds .

========================================================================
Received Import Request.
  Time since last request: 0.776204 seconds.
  path: Assets/Scripts/MainMenu.cs
  artifactKey: Guid(c64350a082f96894e9ca14e56b25adbe) Importer(815301076,1909f56bfc062723c751e8b465ee728b)
Start importing Assets/Scripts/MainMenu.cs using Guid(c64350a082f96894e9ca14e56b25adbe) Importer(815301076,1909f56bfc062723c751e8b465ee728b)  -> (artifact id: 'a904be217ed636c9bf9a12257df1f6af') in 0.001519 seconds 
  Import took 0.003874 seconds .

AssetImportWorkerClient::OnTransportError - code=2 error=End of file
